<?xml version="1.0" encoding="UTF-8"?>
<!-- Generated by org.testng.reporters.JUnitReportReporter -->
<testsuite hostname="Roank" failures="0" tests="3" name="ExtentReport_Lecture.orangeHRMTest" time="3.134" errors="0" timestamp="2025-07-24T19:54:42 IST" skipped="0">
  <testcase classname="ExtentReport_Lecture.orangeHRMTest" name="testLogo" time="3.097"/>
  <testcase classname="ExtentReport_Lecture.orangeHRMTest" name="testURL" time="0.022"/>
  <testcase classname="ExtentReport_Lecture.orangeHRMTest" name="testTitle" time="0.015"/>
</testsuite> <!-- ExtentReport_Lecture.orangeHRMTest -->
